# JRE version: Java(TM) SE Runtime Environment (8.0_181-b13) (build 1.8.0_181-b13)
# Java VM: Java HotSpot(TM) 64-Bit Server VM (25.181-b13 mixed mode linux-amd64 compressed oops)
Heap:
 PSYoungGen      total 218112K, used 180204K [0x00000000f0000000, 0x0000000100000000, 0x0000000100000000)
  eden space 172032K, 89% used [0x00000000f0000000,0x00000000f96af5e8,0x00000000fa800000)
  from space 46080K, 56% used [0x00000000fd300000,0x00000000fec4bbf8,0x0000000100000000)
  to   space 44032K, 0% used [0x00000000fa800000,0x00000000fa800000,0x00000000fd300000)
 ParOldGen       total 524288K, used 99740K [0x00000000d0000000, 0x00000000f0000000, 0x00000000f0000000)
  object space 524288K, 19% used [0x00000000d0000000,0x00000000d6167240,0x00000000f0000000)
 Metaspace       used 73082K, capacity 76193K, committed 76312K, reserved 1116160K
  class space    used 9303K, capacity 10463K, committed 10520K, reserved 1048576K
GC Heap History (10 events):
Event: 2971,257 GC heap before
{Heap before GC invocations=31 (full 3):
 PSYoungGen      total 200192K, used 199942K [0x00000000f0000000, 0x0000000100000000, 0x0000000100000000)
  eden space 169984K, 100% used [0x00000000f0000000,0x00000000fa600000,0x00000000fa600000)
  from space 30208K, 99% used [0x00000000fa600000,0x00000000fc341810,0x00000000fc380000)
  to   space 46592K, 0% used [0x00000000fd280000,0x00000000fd280000,0x0000000100000000)
 ParOldGen       total 524288K, used 82164K [0x00000000d0000000, 0x00000000f0000000, 0x00000000f0000000)
  object space 524288K, 15% used [0x00000000d0000000,0x00000000d503d368,0x00000000f0000000)
 Metaspace       used 70390K, capacity 72525K, committed 72728K, reserved 1112064K
  class space    used 8916K, capacity 9727K, committed 9752K, reserved 1048576K
Event: 2971,330 GC heap after
Heap after GC invocations=31 (full 3):
 PSYoungGen      total 214528K, used 31062K [0x00000000f0000000, 0x0000000100000000, 0x0000000100000000)
  eden space 167936K, 0% used [0x00000000f0000000,0x00000000f0000000,0x00000000fa400000)
  from space 46592K, 66% used [0x00000000fd280000,0x00000000ff0d5af0,0x0000000100000000)
  to   space 47104K, 0% used [0x00000000fa400000,0x00000000fa400000,0x00000000fd200000)
 ParOldGen       total 524288K, used 82164K [0x00000000d0000000, 0x00000000f0000000, 0x00000000f0000000)
  object space 524288K, 15% used [0x00000000d0000000,0x00000000d503d368,0x00000000f0000000)
 Metaspace       used 70390K, capacity 72525K, committed 72728K, reserved 1112064K
  class space    used 8916K, capacity 9727K, committed 9752K, reserved 1048576K
}
Event: 2971,905 GC heap before
{Heap before GC invocations=32 (full 3):
 PSYoungGen      total 214528K, used 198998K [0x00000000f0000000, 0x0000000100000000, 0x0000000100000000)
  eden space 167936K, 100% used [0x00000000f0000000,0x00000000fa400000,0x00000000fa400000)
  from space 46592K, 66% used [0x00000000fd280000,0x00000000ff0d5af0,0x0000000100000000)
  to   space 47104K, 0% used [0x00000000fa400000,0x00000000fa400000,0x00000000fd200000)
 ParOldGen       total 524288K, used 82164K [0x00000000d0000000, 0x00000000f0000000, 0x00000000f0000000)
  object space 524288K, 15% used [0x00000000d0000000,0x00000000d503d368,0x00000000f0000000)
 Metaspace       used 71131K, capacity 73279K, committed 73624K, reserved 1114112K
  class space    used 8954K, capacity 9762K, committed 9880K, reserved 1048576K
Event: 2971,969 GC heap after
Heap after GC invocations=32 (full 3):
 PSYoungGen      total 201728K, used 33478K [0x00000000f0000000, 0x0000000100000000, 0x0000000100000000)
  eden space 167936K, 0% used [0x00000000f0000000,0x00000000f0000000,0x00000000fa400000)
  from space 33792K, 99% used [0x00000000fa400000,0x00000000fc4b1958,0x00000000fc500000)
  to   space 48640K, 0% used [0x00000000fd080000,0x00000000fd080000,0x0000000100000000)
 ParOldGen       total 524288K, used 82172K [0x00000000d0000000, 0x00000000f0000000, 0x00000000f0000000)
  object space 524288K, 15% used [0x00000000d0000000,0x00000000d503f368,0x00000000f0000000)
 Metaspace       used 71131K, capacity 73279K, committed 73624K, reserved 1114112K
  class space    used 8954K, capacity 9762K, committed 9880K, reserved 1048576K
}
Event: 2972,396 GC heap before
{Heap before GC invocations=33 (full 3):
 PSYoungGen      total 201728K, used 201414K [0x00000000f0000000, 0x0000000100000000, 0x0000000100000000)
  eden space 167936K, 100% used [0x00000000f0000000,0x00000000fa400000,0x00000000fa400000)
  from space 33792K, 99% used [0x00000000fa400000,0x00000000fc4b1958,0x00000000fc500000)
  to   space 48640K, 0% used [0x00000000fd080000,0x00000000fd080000,0x0000000100000000)
 ParOldGen       total 524288K, used 82172K [0x00000000d0000000, 0x00000000f0000000, 0x00000000f0000000)
  object space 524288K, 15% used [0x00000000d0000000,0x00000000d503f368,0x00000000f0000000)
 Metaspace       used 71582K, capacity 73719K, committed 73880K, reserved 1114112K
  class space    used 8980K, capacity 9798K, committed 9880K, reserved 1048576K
Event: 2972,464 GC heap after
Heap after GC invocations=33 (full 3):
 PSYoungGen      total 215040K, used 27628K [0x00000000f0000000, 0x0000000100000000, 0x0000000100000000)
  eden space 166400K, 0% used [0x00000000f0000000,0x00000000f0000000,0x00000000fa280000)
  from space 48640K, 56% used [0x00000000fd080000,0x00000000feb7b1b0,0x0000000100000000)
  to   space 47104K, 0% used [0x00000000fa280000,0x00000000fa280000,0x00000000fd080000)
 ParOldGen       total 524288K, used 89452K [0x00000000d0000000, 0x00000000f0000000, 0x00000000f0000000)
  object space 524288K, 17% used [0x00000000d0000000,0x00000000d575b3f8,0x00000000f0000000)
 Metaspace       used 71582K, capacity 73719K, committed 73880K, reserved 1114112K
  class space    used 8980K, capacity 9798K, committed 9880K, reserved 1048576K
}
Event: 3031,999 GC heap before
{Heap before GC invocations=34 (full 3):
 PSYoungGen      total 215040K, used 194028K [0x00000000f0000000, 0x0000000100000000, 0x0000000100000000)
  eden space 166400K, 100% used [0x00000000f0000000,0x00000000fa280000,0x00000000fa280000)
  from space 48640K, 56% used [0x00000000fd080000,0x00000000feb7b1b0,0x0000000100000000)
  to   space 47104K, 0% used [0x00000000fa280000,0x00000000fa280000,0x00000000fd080000)
 ParOldGen       total 524288K, used 89452K [0x00000000d0000000, 0x00000000f0000000, 0x00000000f0000000)
  object space 524288K, 17% used [0x00000000d0000000,0x00000000d575b3f8,0x00000000f0000000)
 Metaspace       used 72210K, capacity 74791K, committed 75032K, reserved 1114112K
  class space    used 9117K, capacity 10167K, committed 10264K, reserved 1048576K
Event: 3032,046 GC heap after
Heap after GC invocations=34 (full 3):
 PSYoungGen      total 213504K, used 27525K [0x00000000f0000000, 0x0000000100000000, 0x0000000100000000)
  eden space 166400K, 0% used [0x00000000f0000000,0x00000000f0000000,0x00000000fa280000)
  from space 47104K, 58% used [0x00000000fa280000,0x00000000fbd615b0,0x00000000fd080000)
  to   space 46080K, 0% used [0x00000000fd300000,0x00000000fd300000,0x0000000100000000)
 ParOldGen       total 524288K, used 95177K [0x00000000d0000000, 0x00000000f0000000, 0x00000000f0000000)
  object space 524288K, 18% used [0x00000000d0000000,0x00000000d5cf2448,0x00000000f0000000)
 Metaspace       used 72210K, capacity 74791K, committed 75032K, reserved 1114112K
  class space    used 9117K, capacity 10167K, committed 10264K, reserved 1048576K
}
Event: 3033,084 GC heap before
{Heap before GC invocations=35 (full 3):
 PSYoungGen      total 213504K, used 193627K [0x00000000f0000000, 0x0000000100000000, 0x0000000100000000)
  eden space 166400K, 99% used [0x00000000f0000000,0x00000000fa235810,0x00000000fa280000)
  from space 47104K, 58% used [0x00000000fa280000,0x00000000fbd615b0,0x00000000fd080000)
  to   space 46080K, 0% used [0x00000000fd300000,0x00000000fd300000,0x0000000100000000)
 ParOldGen       total 524288K, used 95177K [0x00000000d0000000, 0x00000000f0000000, 0x00000000f0000000)
  object space 524288K, 18% used [0x00000000d0000000,0x00000000d5cf2448,0x00000000f0000000)
 Metaspace       used 72776K, capacity 75675K, committed 75928K, reserved 1114112K
  class space    used 9241K, capacity 10365K, committed 10392K, reserved 1048576K
Event: 3033,145 GC heap after
Heap after GC invocations=35 (full 3):
 PSYoungGen      total 218112K, used 25902K [0x00000000f0000000, 0x0000000100000000, 0x0000000100000000)
  eden space 172032K, 0% used [0x00000000f0000000,0x00000000f0000000,0x00000000fa800000)
  from space 46080K, 56% used [0x00000000fd300000,0x00000000fec4bbf8,0x0000000100000000)
  to   space 44032K, 0% used [0x00000000fa800000,0x00000000fa800000,0x00000000fd300000)
 ParOldGen       total 524288K, used 99740K [0x00000000d0000000, 0x00000000f0000000, 0x00000000f0000000)
  object space 524288K, 19% used [0x00000000d0000000,0x00000000d6167240,0x00000000f0000000)
 Metaspace       used 72776K, capacity 75675K, committed 75928K, reserved 1114112K
  class space    used 9241K, capacity 10365K, committed 10392K, reserved 1048576K
}

