# JRE version: Java(TM) SE Runtime Environment (8.0_181-b13) (build 1.8.0_181-b13)
# Java VM: Java HotSpot(TM) 64-Bit Server VM (25.181-b13 mixed mode linux-amd64 compressed oops)
Heap:
 PSYoungGen      total 207360K, used 79132K [0x00000000f0000000, 0x0000000100000000, 0x0000000100000000)
  eden space 152576K, 16% used [0x00000000f0000000,0x00000000f17f19b0,0x00000000f9500000)
  from space 54784K, 99% used [0x00000000f9500000,0x00000000fca55790,0x00000000fca80000)
  to   space 54784K, 0% used [0x00000000fca80000,0x00000000fca80000,0x0000000100000000)
 ParOldGen       total 524288K, used 82203K [0x00000000d0000000, 0x00000000f0000000, 0x00000000f0000000)
  object space 524288K, 15% used [0x00000000d0000000,0x00000000d5046e58,0x00000000f0000000)
 Metaspace       used 73851K, capacity 77588K, committed 77864K, reserved 1116160K
  class space    used 9658K, capacity 10952K, committed 11056K, reserved 1048576K
GC Heap History (10 events):
Event: 59,931 GC heap before
{Heap before GC invocations=30 (full 3):
 PSYoungGen      total 218112K, used 202004K [0x00000000f0000000, 0x0000000100000000, 0x0000000100000000)
  eden space 175104K, 100% used [0x00000000f0000000,0x00000000fab00000,0x00000000fab00000)
  from space 43008K, 62% used [0x00000000fd600000,0x00000000ff0452b8,0x0000000100000000)
  to   space 43520K, 0% used [0x00000000fab00000,0x00000000fab00000,0x00000000fd580000)
 ParOldGen       total 524288K, used 82163K [0x00000000d0000000, 0x00000000f0000000, 0x00000000f0000000)
  object space 524288K, 15% used [0x00000000d0000000,0x00000000d503ce58,0x00000000f0000000)
 Metaspace       used 69645K, capacity 71894K, committed 71976K, reserved 1112064K
  class space    used 8908K, capacity 9751K, committed 9776K, reserved 1048576K
Event: 59,956 GC heap after
Heap after GC invocations=30 (full 3):
 PSYoungGen      total 207872K, used 32275K [0x00000000f0000000, 0x0000000100000000, 0x0000000100000000)
  eden space 175104K, 0% used [0x00000000f0000000,0x00000000f0000000,0x00000000fab00000)
  from space 32768K, 98% used [0x00000000fab00000,0x00000000fca84f70,0x00000000fcb00000)
  to   space 45568K, 0% used [0x00000000fd380000,0x00000000fd380000,0x0000000100000000)
 ParOldGen       total 524288K, used 82171K [0x00000000d0000000, 0x00000000f0000000, 0x00000000f0000000)
  object space 524288K, 15% used [0x00000000d0000000,0x00000000d503ee58,0x00000000f0000000)
 Metaspace       used 69645K, capacity 71894K, committed 71976K, reserved 1112064K
  class space    used 8908K, capacity 9751K, committed 9776K, reserved 1048576K
}
Event: 63,899 GC heap before
{Heap before GC invocations=31 (full 3):
 PSYoungGen      total 207872K, used 207379K [0x00000000f0000000, 0x0000000100000000, 0x0000000100000000)
  eden space 175104K, 100% used [0x00000000f0000000,0x00000000fab00000,0x00000000fab00000)
  from space 32768K, 98% used [0x00000000fab00000,0x00000000fca84f70,0x00000000fcb00000)
  to   space 45568K, 0% used [0x00000000fd380000,0x00000000fd380000,0x0000000100000000)
 ParOldGen       total 524288K, used 82171K [0x00000000d0000000, 0x00000000f0000000, 0x00000000f0000000)
  object space 524288K, 15% used [0x00000000d0000000,0x00000000d503ee58,0x00000000f0000000)
 Metaspace       used 70458K, capacity 73156K, committed 73256K, reserved 1112064K
  class space    used 9079K, capacity 10007K, committed 10032K, reserved 1048576K
Event: 63,925 GC heap after
Heap after GC invocations=31 (full 3):
 PSYoungGen      total 211456K, used 34696K [0x00000000f0000000, 0x0000000100000000, 0x0000000100000000)
  eden space 165888K, 0% used [0x00000000f0000000,0x00000000f0000000,0x00000000fa200000)
  from space 45568K, 76% used [0x00000000fd380000,0x00000000ff562040,0x0000000100000000)
  to   space 48128K, 0% used [0x00000000fa200000,0x00000000fa200000,0x00000000fd100000)
 ParOldGen       total 524288K, used 82179K [0x00000000d0000000, 0x00000000f0000000, 0x00000000f0000000)
  object space 524288K, 15% used [0x00000000d0000000,0x00000000d5040e58,0x00000000f0000000)
 Metaspace       used 70458K, capacity 73156K, committed 73256K, reserved 1112064K
  class space    used 9079K, capacity 10007K, committed 10032K, reserved 1048576K
}
Event: 68,964 GC heap before
{Heap before GC invocations=32 (full 3):
 PSYoungGen      total 211456K, used 200584K [0x00000000f0000000, 0x0000000100000000, 0x0000000100000000)
  eden space 165888K, 100% used [0x00000000f0000000,0x00000000fa200000,0x00000000fa200000)
  from space 45568K, 76% used [0x00000000fd380000,0x00000000ff562040,0x0000000100000000)
  to   space 48128K, 0% used [0x00000000fa200000,0x00000000fa200000,0x00000000fd100000)
 ParOldGen       total 524288K, used 82179K [0x00000000d0000000, 0x00000000f0000000, 0x00000000f0000000)
  object space 524288K, 15% used [0x00000000d0000000,0x00000000d5040e58,0x00000000f0000000)
 Metaspace       used 71295K, capacity 74528K, committed 74664K, reserved 1114112K
  class space    used 9257K, capacity 10385K, committed 10416K, reserved 1048576K
Event: 68,994 GC heap after
Heap after GC invocations=32 (full 3):
 PSYoungGen      total 204288K, used 37928K [0x00000000f0000000, 0x0000000100000000, 0x0000000100000000)
  eden space 165888K, 0% used [0x00000000f0000000,0x00000000f0000000,0x00000000fa200000)
  from space 38400K, 98% used [0x00000000fa200000,0x00000000fc70a060,0x00000000fc780000)
  to   space 51200K, 0% used [0x00000000fce00000,0x00000000fce00000,0x0000000100000000)
 ParOldGen       total 524288K, used 82187K [0x00000000d0000000, 0x00000000f0000000, 0x00000000f0000000)
  object space 524288K, 15% used [0x00000000d0000000,0x00000000d5042e58,0x00000000f0000000)
 Metaspace       used 71295K, capacity 74528K, committed 74664K, reserved 1114112K
  class space    used 9257K, capacity 10385K, committed 10416K, reserved 1048576K
}
Event: 71,191 GC heap before
{Heap before GC invocations=33 (full 3):
 PSYoungGen      total 204288K, used 203816K [0x00000000f0000000, 0x0000000100000000, 0x0000000100000000)
  eden space 165888K, 100% used [0x00000000f0000000,0x00000000fa200000,0x00000000fa200000)
  from space 38400K, 98% used [0x00000000fa200000,0x00000000fc70a060,0x00000000fc780000)
  to   space 51200K, 0% used [0x00000000fce00000,0x00000000fce00000,0x0000000100000000)
 ParOldGen       total 524288K, used 82187K [0x00000000d0000000, 0x00000000f0000000, 0x00000000f0000000)
  object space 524288K, 15% used [0x00000000d0000000,0x00000000d5042e58,0x00000000f0000000)
 Metaspace       used 72064K, capacity 75538K, committed 75816K, reserved 1114112K
  class space    used 9433K, capacity 10699K, committed 10800K, reserved 1048576K
Event: 71,221 GC heap after
Heap after GC invocations=33 (full 3):
 PSYoungGen      total 203776K, used 41729K [0x00000000f0000000, 0x0000000100000000, 0x0000000100000000)
  eden space 152576K, 0% used [0x00000000f0000000,0x00000000f0000000,0x00000000f9500000)
  from space 51200K, 81% used [0x00000000fce00000,0x00000000ff6c0590,0x0000000100000000)
  to   space 54784K, 0% used [0x00000000f9500000,0x00000000f9500000,0x00000000fca80000)
 ParOldGen       total 524288K, used 82195K [0x00000000d0000000, 0x00000000f0000000, 0x00000000f0000000)
  object space 524288K, 15% used [0x00000000d0000000,0x00000000d5044e58,0x00000000f0000000)
 Metaspace       used 72064K, capacity 75538K, committed 75816K, reserved 1114112K
  class space    used 9433K, capacity 10699K, committed 10800K, reserved 1048576K
}
Event: 105,266 GC heap before
{Heap before GC invocations=34 (full 3):
 PSYoungGen      total 203776K, used 194305K [0x00000000f0000000, 0x0000000100000000, 0x0000000100000000)
  eden space 152576K, 100% used [0x00000000f0000000,0x00000000f9500000,0x00000000f9500000)
  from space 51200K, 81% used [0x00000000fce00000,0x00000000ff6c0590,0x0000000100000000)
  to   space 54784K, 0% used [0x00000000f9500000,0x00000000f9500000,0x00000000fca80000)
 ParOldGen       total 524288K, used 82195K [0x00000000d0000000, 0x00000000f0000000, 0x00000000f0000000)
  object space 524288K, 15% used [0x00000000d0000000,0x00000000d5044e58,0x00000000f0000000)
 Metaspace       used 73462K, capacity 77160K, committed 77224K, reserved 1116160K
  class space    used 9621K, capacity 10880K, committed 10928K, reserved 1048576K
Event: 105,302 GC heap after
Heap after GC invocations=34 (full 3):
 PSYoungGen      total 207360K, used 54613K [0x00000000f0000000, 0x0000000100000000, 0x0000000100000000)
  eden space 152576K, 0% used [0x00000000f0000000,0x00000000f0000000,0x00000000f9500000)
  from space 54784K, 99% used [0x00000000f9500000,0x00000000fca55790,0x00000000fca80000)
  to   space 54784K, 0% used [0x00000000fca80000,0x00000000fca80000,0x0000000100000000)
 ParOldGen       total 524288K, used 82203K [0x00000000d0000000, 0x00000000f0000000, 0x00000000f0000000)
  object space 524288K, 15% used [0x00000000d0000000,0x00000000d5046e58,0x00000000f0000000)
 Metaspace       used 73462K, capacity 77160K, committed 77224K, reserved 1116160K
  class space    used 9621K, capacity 10880K, committed 10928K, reserved 1048576K
}

