# JRE version: Java(TM) SE Runtime Environment (8.0_181-b13) (build 1.8.0_181-b13)
# Java VM: Java HotSpot(TM) 64-Bit Server VM (25.181-b13 mixed mode linux-amd64 compressed oops)
Heap:
 PSYoungGen      total 197120K, used 111170K [0x00000000f0000000, 0x0000000100000000, 0x0000000100000000)
  eden space 131584K, 54% used [0x00000000f0000000,0x00000000f4661858,0x00000000f8080000)
  from space 65536K, 59% used [0x00000000fc000000,0x00000000fe62f180,0x0000000100000000)
  to   space 65024K, 0% used [0x00000000f8080000,0x00000000f8080000,0x00000000fc000000)
 ParOldGen       total 524288K, used 96454K [0x00000000d0000000, 0x00000000f0000000, 0x00000000f0000000)
  object space 524288K, 18% used [0x00000000d0000000,0x00000000d5e31968,0x00000000f0000000)
 Metaspace       used 76611K, capacity 80018K, committed 80152K, reserved 1118208K
  class space    used 9582K, capacity 10769K, committed 10776K, reserved 1048576K
GC Heap History (10 events):
Event: 286,607 GC heap before
{Heap before GC invocations=31 (full 3):
 PSYoungGen      total 211456K, used 211375K [0x00000000f0000000, 0x0000000100000000, 0x0000000100000000)
  eden space 176128K, 100% used [0x00000000f0000000,0x00000000fac00000,0x00000000fac00000)
  from space 35328K, 99% used [0x00000000fac00000,0x00000000fce6bce8,0x00000000fce80000)
  to   space 45568K, 0% used [0x00000000fd380000,0x00000000fd380000,0x0000000100000000)
 ParOldGen       total 524288K, used 82206K [0x00000000d0000000, 0x00000000f0000000, 0x00000000f0000000)
  object space 524288K, 15% used [0x00000000d0000000,0x00000000d50478b8,0x00000000f0000000)
 Metaspace       used 71463K, capacity 74802K, committed 75032K, reserved 1114112K
  class space    used 9310K, capacity 10510K, committed 10520K, reserved 1048576K
Event: 286,695 GC heap after
Heap after GC invocations=31 (full 3):
 PSYoungGen      total 204288K, used 45086K [0x00000000f0000000, 0x0000000100000000, 0x0000000100000000)
  eden space 158720K, 0% used [0x00000000f0000000,0x00000000f0000000,0x00000000f9b00000)
  from space 45568K, 98% used [0x00000000fd380000,0x00000000fff87b88,0x0000000100000000)
  to   space 51712K, 0% used [0x00000000f9b00000,0x00000000f9b00000,0x00000000fcd80000)
 ParOldGen       total 524288K, used 82214K [0x00000000d0000000, 0x00000000f0000000, 0x00000000f0000000)
  object space 524288K, 15% used [0x00000000d0000000,0x00000000d50498b8,0x00000000f0000000)
 Metaspace       used 71463K, capacity 74802K, committed 75032K, reserved 1114112K
  class space    used 9310K, capacity 10510K, committed 10520K, reserved 1048576K
}
Event: 287,395 GC heap before
{Heap before GC invocations=32 (full 3):
 PSYoungGen      total 204288K, used 203806K [0x00000000f0000000, 0x0000000100000000, 0x0000000100000000)
  eden space 158720K, 100% used [0x00000000f0000000,0x00000000f9b00000,0x00000000f9b00000)
  from space 45568K, 98% used [0x00000000fd380000,0x00000000fff87b88,0x0000000100000000)
  to   space 51712K, 0% used [0x00000000f9b00000,0x00000000f9b00000,0x00000000fcd80000)
 ParOldGen       total 524288K, used 82214K [0x00000000d0000000, 0x00000000f0000000, 0x00000000f0000000)
  object space 524288K, 15% used [0x00000000d0000000,0x00000000d50498b8,0x00000000f0000000)
 Metaspace       used 72560K, capacity 75872K, committed 76184K, reserved 1114112K
  class space    used 9372K, capacity 10557K, committed 10648K, reserved 1048576K
Event: 287,469 GC heap after
Heap after GC invocations=32 (full 3):
 PSYoungGen      total 206336K, used 47388K [0x00000000f0000000, 0x0000000100000000, 0x0000000100000000)
  eden space 158720K, 0% used [0x00000000f0000000,0x00000000f0000000,0x00000000f9b00000)
  from space 47616K, 99% used [0x00000000f9b00000,0x00000000fc947388,0x00000000fc980000)
  to   space 55808K, 0% used [0x00000000fc980000,0x00000000fc980000,0x0000000100000000)
 ParOldGen       total 524288K, used 82222K [0x00000000d0000000, 0x00000000f0000000, 0x00000000f0000000)
  object space 524288K, 15% used [0x00000000d0000000,0x00000000d504b8b8,0x00000000f0000000)
 Metaspace       used 72560K, capacity 75872K, committed 76184K, reserved 1114112K
  class space    used 9372K, capacity 10557K, committed 10648K, reserved 1048576K
}
Event: 287,951 GC heap before
{Heap before GC invocations=33 (full 3):
 PSYoungGen      total 206336K, used 206108K [0x00000000f0000000, 0x0000000100000000, 0x0000000100000000)
  eden space 158720K, 100% used [0x00000000f0000000,0x00000000f9b00000,0x00000000f9b00000)
  from space 47616K, 99% used [0x00000000f9b00000,0x00000000fc947388,0x00000000fc980000)
  to   space 55808K, 0% used [0x00000000fc980000,0x00000000fc980000,0x0000000100000000)
 ParOldGen       total 524288K, used 82222K [0x00000000d0000000, 0x00000000f0000000, 0x00000000f0000000)
  object space 524288K, 15% used [0x00000000d0000000,0x00000000d504b8b8,0x00000000f0000000)
 Metaspace       used 73318K, capacity 76632K, committed 76952K, reserved 1116160K
  class space    used 9411K, capacity 10593K, committed 10648K, reserved 1048576K
Event: 288,056 GC heap after
Heap after GC invocations=33 (full 3):
 PSYoungGen      total 192000K, used 49783K [0x00000000f0000000, 0x0000000100000000, 0x0000000100000000)
  eden space 136192K, 0% used [0x00000000f0000000,0x00000000f0000000,0x00000000f8500000)
  from space 55808K, 89% used [0x00000000fc980000,0x00000000ffa1de20,0x0000000100000000)
  to   space 62976K, 0% used [0x00000000f8500000,0x00000000f8500000,0x00000000fc280000)
 ParOldGen       total 524288K, used 82230K [0x00000000d0000000, 0x00000000f0000000, 0x00000000f0000000)
  object space 524288K, 15% used [0x00000000d0000000,0x00000000d504d8b8,0x00000000f0000000)
 Metaspace       used 73318K, capacity 76632K, committed 76952K, reserved 1116160K
  class space    used 9411K, capacity 10593K, committed 10648K, reserved 1048576K
}
Event: 288,399 GC heap before
{Heap before GC invocations=34 (full 3):
 PSYoungGen      total 192000K, used 185975K [0x00000000f0000000, 0x0000000100000000, 0x0000000100000000)
  eden space 136192K, 100% used [0x00000000f0000000,0x00000000f8500000,0x00000000f8500000)
  from space 55808K, 89% used [0x00000000fc980000,0x00000000ffa1de20,0x0000000100000000)
  to   space 62976K, 0% used [0x00000000f8500000,0x00000000f8500000,0x00000000fc280000)
 ParOldGen       total 524288K, used 82230K [0x00000000d0000000, 0x00000000f0000000, 0x00000000f0000000)
  object space 524288K, 15% used [0x00000000d0000000,0x00000000d504d8b8,0x00000000f0000000)
 Metaspace       used 73666K, capacity 76990K, committed 77208K, reserved 1116160K
  class space    used 9426K, capacity 10626K, committed 10648K, reserved 1048576K
Event: 288,495 GC heap after
Heap after GC invocations=34 (full 3):
 PSYoungGen      total 182784K, used 46534K [0x00000000f0000000, 0x0000000100000000, 0x0000000100000000)
  eden space 136192K, 0% used [0x00000000f0000000,0x00000000f0000000,0x00000000f8500000)
  from space 46592K, 99% used [0x00000000f8500000,0x00000000fb271958,0x00000000fb280000)
  to   space 65536K, 0% used [0x00000000fc000000,0x00000000fc000000,0x0000000100000000)
 ParOldGen       total 524288K, used 86742K [0x00000000d0000000, 0x00000000f0000000, 0x00000000f0000000)
  object space 524288K, 16% used [0x00000000d0000000,0x00000000d54b58d8,0x00000000f0000000)
 Metaspace       used 73666K, capacity 76990K, committed 77208K, reserved 1116160K
  class space    used 9426K, capacity 10626K, committed 10648K, reserved 1048576K
}
Event: 289,028 GC heap before
{Heap before GC invocations=35 (full 3):
 PSYoungGen      total 182784K, used 182726K [0x00000000f0000000, 0x0000000100000000, 0x0000000100000000)
  eden space 136192K, 100% used [0x00000000f0000000,0x00000000f8500000,0x00000000f8500000)
  from space 46592K, 99% used [0x00000000f8500000,0x00000000fb271958,0x00000000fb280000)
  to   space 65536K, 0% used [0x00000000fc000000,0x00000000fc000000,0x0000000100000000)
 ParOldGen       total 524288K, used 86742K [0x00000000d0000000, 0x00000000f0000000, 0x00000000f0000000)
  object space 524288K, 16% used [0x00000000d0000000,0x00000000d54b58d8,0x00000000f0000000)
 Metaspace       used 76531K, capacity 79888K, committed 80152K, reserved 1118208K
  class space    used 9571K, capacity 10758K, committed 10776K, reserved 1048576K
Event: 289,122 GC heap after
Heap after GC invocations=35 (full 3):
 PSYoungGen      total 197120K, used 39100K [0x00000000f0000000, 0x0000000100000000, 0x0000000100000000)
  eden space 131584K, 0% used [0x00000000f0000000,0x00000000f0000000,0x00000000f8080000)
  from space 65536K, 59% used [0x00000000fc000000,0x00000000fe62f180,0x0000000100000000)
  to   space 65024K, 0% used [0x00000000f8080000,0x00000000f8080000,0x00000000fc000000)
 ParOldGen       total 524288K, used 96454K [0x00000000d0000000, 0x00000000f0000000, 0x00000000f0000000)
  object space 524288K, 18% used [0x00000000d0000000,0x00000000d5e31968,0x00000000f0000000)
 Metaspace       used 76531K, capacity 79888K, committed 80152K, reserved 1118208K
  class space    used 9571K, capacity 10758K, committed 10776K, reserved 1048576K
}

